<?xml version="1.0" encoding="UTF-8"?>
<!-- Generated by org.testng.reporters.JUnitXMLReporter -->
<testsuite ignored="0" hostname="DESKTOP-K2CT2V0" failures="0" tests="5" name="Default test" time="15.513" errors="0" timestamp="2025-01-18T18:18:49 SAST">
  <testcase classname="TestNG.TestNG" name="Config" time="5.903"/>
  <testcase classname="TestNG.TestNG" name="SignUpDetails" time="4.832"/>
  <testcase classname="TestNG.TestNG" name="CaptureSignupDetails" time="1.022"/>
  <testcase classname="TestNG.TestNG" name="AddressInfomation" time="3.305"/>
  <testcase classname="TestNG.TestNG" name="ScreenShort" time="0.411"/>
</testsuite> <!-- Default test -->
