<?xml version="1.0" encoding="UTF-8"?>
<testng-results ignored="0" total="1" passed="1" failed="0" skipped="0">
  <reporter-output>
  </reporter-output>
  <suite started-at="2025-01-04T04:21:04 SAST" name="Default suite" finished-at="2025-01-04T04:21:04 SAST" duration-ms="132">
    <groups>
    </groups>
    <test started-at="2025-01-04T04:21:04 SAST" name="Default test" finished-at="2025-01-04T04:21:04 SAST" duration-ms="132">
      <class name="TestNG.TestCase1">
        <test-method signature="userReq()[pri:0, instance:TestNG.TestCase1@1fa121e2]" started-at="2025-01-04T04:21:04 SAST" name="userReq" finished-at="2025-01-04T04:21:04 SAST" duration-ms="30" status="PASS">
          <reporter-output>
          </reporter-output>
        </test-method> <!-- userReq -->
      </class> <!-- TestNG.TestCase1 -->
    </test> <!-- Default test -->
  </suite> <!-- Default suite -->
</testng-results>
